Using pre-set license
Built from '2020.3/staging' branch; Version is '2020.3.21f1 (a38c86f6690f) revision 10718342'; Using compiler version '192528614'; Build Type 'Release'
OS: 'Windows 10 Pro; OS build 19044.1645; Version 2009; 64bit' Language: 'fr' Physical Memory: 32691 MB
BatchMode: 1, IsHumanControllingUs: 0, StartBugReporterOnCrash: 0, Is64bit: 1, IsPro: 0

COMMAND LINE ARGUMENTS:
C:\Program Files\Unity\Hub\Editor\2020.3.21f1\Editor\Unity.exe
-adb2
-batchMode
-noUpm
-name
AssetImportWorker0
-projectPath
E:/1_PROJETS/AGON/App_Agon/AGON_LeagueVR/KaledoLeague
-logFile
Logs/AssetImportWorker0.log
-srvPort
55595
Successfully changed project path to: E:/1_PROJETS/AGON/App_Agon/AGON_LeagueVR/KaledoLeague
E:/1_PROJETS/AGON/App_Agon/AGON_LeagueVR/KaledoLeague
Using Asset Import Pipeline V2.
Refreshing native plugins compatible for Editor in 110.88 ms, found 13 plugins.
Preloading 1 native plugins for Editor in 0.91 ms.
Initialize engine version: 2020.3.21f1 (a38c86f6690f)
[Subsystems] Discovering subsystems at path C:/Program Files/Unity/Hub/Editor/2020.3.21f1/Editor/Data/Resources/UnitySubsystems
[Subsystems] Discovering subsystems at path E:/1_PROJETS/AGON/App_Agon/AGON_LeagueVR/KaledoLeague/Assets
GfxDevice: creating device client; threaded=0
Direct3D:
    Version:  Direct3D 11.0 [level 11.1]
    Renderer: NVIDIA GeForce RTX 3060 Ti (ID=0x2486)
    Vendor:   
    VRAM:     8050 MB
    Driver:   30.0.14.7196
Initialize mono
Mono path[0] = 'C:/Program Files/Unity/Hub/Editor/2020.3.21f1/Editor/Data/Managed'
Mono path[1] = 'C:/Program Files/Unity/Hub/Editor/2020.3.21f1/Editor/Data/MonoBleedingEdge/lib/mono/unityjit'
Mono config path = 'C:/Program Files/Unity/Hub/Editor/2020.3.21f1/Editor/Data/MonoBleedingEdge/etc'
Using monoOptions --debugger-agent=transport=dt_socket,embedding=1,server=y,suspend=n,address=127.0.0.1:56944
Begin MonoManager ReloadAssembly
Registering precompiled unity dll's ...
Register platform support module: C:/Program Files/Unity/Hub/Editor/2020.3.21f1/Editor/Data/PlaybackEngines/WindowsStandaloneSupport/UnityEditor.WindowsStandalone.Extensions.dll
Registered in 0.001676 seconds.
Native extension for WindowsStandalone target not found
Refreshing native plugins compatible for Editor in 88.88 ms, found 13 plugins.
Preloading 1 native plugins for Editor in 0.06 ms.
Mono: successfully reloaded assembly
- Completed reload, in  2.514 seconds
Domain Reload Profiling:
	ReloadAssembly (2515ms)
		BeginReloadAssembly (47ms)
			ExecutionOrderSort (0ms)
			DisableScriptedObjects (0ms)
			BackupInstance (0ms)
			ReleaseScriptingObjects (0ms)
			CreateAndSetChildDomain (1ms)
		EndReloadAssembly (464ms)
			LoadAssemblies (45ms)
			RebuildTransferFunctionScriptingTraits (0ms)
			SetupTypeCache (131ms)
			ReleaseScriptCaches (0ms)
			RebuildScriptCaches (27ms)
			SetupLoadedEditorAssemblies (203ms)
				LogAssemblyErrors (0ms)
				InitializePlatformSupportModulesInManaged (4ms)
				SetLoadedEditorAssemblies (0ms)
				RefreshPlugins (89ms)
				BeforeProcessingInitializeOnLoad (17ms)
				ProcessInitializeOnLoadAttributes (70ms)
				ProcessInitializeOnLoadMethodAttributes (23ms)
				AfterProcessingInitializeOnLoad (0ms)
				EditorAssembliesLoaded (0ms)
			ExecutionOrderSort2 (0ms)
			AwakeInstancesAfterBackupRestoration (0ms)
Platform modules already initialized, skipping
Registering precompiled user dll's ...
Registered in 0.011171 seconds.
Begin MonoManager ReloadAssembly
Native extension for WindowsStandalone target not found
Refreshing native plugins compatible for Editor in 85.54 ms, found 13 plugins.
Preloading 1 native plugins for Editor in 0.05 ms.
[XR] OculusXRPlugin: registering subsystems
[XR] Unable to register display lifecyle provider: [1]
[XR] Oculus Input lifecycle provider registered.
[XR] Unable to register input lifecyle provider: [1]
System.Reflection.TargetInvocationException: Exception has been thrown by the target of an invocation. ---> System.NullReferenceException: Object reference not set to an instance of an object
  at Unity.XR.Oculus.OculusLoader.AssetPathToAbsolutePath (System.String assetPath) [0x00048] in E:\1_PROJETS\AGON\App_Agon\AGON_LeagueVR\KaledoLeague\Library\PackageCache\com.unity.xr.oculus@1.10.0\Runtime\OculusLoader.cs:250 
  at Unity.XR.Oculus.OculusLoader.EditorLoadOVRPlugin () [0x0007b] in E:\1_PROJETS\AGON\App_Agon\AGON_LeagueVR\KaledoLeague\Library\PackageCache\com.unity.xr.oculus@1.10.0\Runtime\OculusLoader.cs:235 
  at (wrapper managed-to-native) System.Reflection.MonoMethod.InternalInvoke(System.Reflection.MonoMethod,object,object[],System.Exception&)
  at System.Reflection.MonoMethod.Invoke (System.Object obj, System.Reflection.BindingFlags invokeAttr, System.Reflection.Binder binder, System.Object[] parameters, System.Globalization.CultureInfo culture) [0x00032] in <695d1cc93cca45069c528c15c9fdd749>:0 
   --- End of inner exception stack trace ---
  at System.Reflection.MonoMethod.Invoke (System.Object obj, System.Reflection.BindingFlags invokeAttr, System.Reflection.Binder binder, System.Object[] parameters, System.Globalization.CultureInfo culture) [0x00048] in <695d1cc93cca45069c528c15c9fdd749>:0 
  at System.Reflection.MethodBase.Invoke (System.Object obj, System.Object[] parameters) [0x00000] in <695d1cc93cca45069c528c15c9fdd749>:0 
  at UnityEditor.EditorAssemblies.ProcessInitializeOnLoadMethodAttributes () [0x00047] in <208f92fc783546f9abbe643bfc23920c>:0 
UnityEngine.StackTraceUtility:ExtractStackTrace ()
UnityEngine.DebugLogHandler:LogFormat (UnityEngine.LogType,UnityEngine.Object,string,object[])
UnityEngine.Logger:Log (UnityEngine.LogType,object)
UnityEngine.Debug:LogError (object)
UnityEditor.EditorAssemblies:ProcessInitializeOnLoadMethodAttributes ()

Mono: successfully reloaded assembly
- Completed reload, in  1.852 seconds
Domain Reload Profiling:
	ReloadAssembly (1853ms)
		BeginReloadAssembly (128ms)
			ExecutionOrderSort (0ms)
			DisableScriptedObjects (4ms)
			BackupInstance (0ms)
			ReleaseScriptingObjects (0ms)
			CreateAndSetChildDomain (19ms)
		EndReloadAssembly (1669ms)
			LoadAssemblies (88ms)
			RebuildTransferFunctionScriptingTraits (0ms)
			SetupTypeCache (451ms)
			ReleaseScriptCaches (1ms)
			RebuildScriptCaches (63ms)
			SetupLoadedEditorAssemblies (878ms)
				LogAssemblyErrors (0ms)
				InitializePlatformSupportModulesInManaged (3ms)
				SetLoadedEditorAssemblies (0ms)
				RefreshPlugins (86ms)
				BeforeProcessingInitializeOnLoad (103ms)
				ProcessInitializeOnLoadAttributes (660ms)
				ProcessInitializeOnLoadMethodAttributes (20ms)
				AfterProcessingInitializeOnLoad (6ms)
				EditorAssembliesLoaded (0ms)
			ExecutionOrderSort2 (0ms)
			AwakeInstancesAfterBackupRestoration (4ms)
Platform modules already initialized, skipping
========================================================================
Worker process is ready to serve import requests
Launched and connected shader compiler UnityShaderCompiler.exe after 0.06 seconds
Refreshing native plugins compatible for Editor in 2.07 ms, found 13 plugins.
Preloading 1 native plugins for Editor in 0.07 ms.
Unloading 4164 Unused Serialized files (Serialized files now loaded: 0)
System memory in use before: 273.9 MB.
System memory in use after: 274.0 MB.

Unloading 157 unused Assets to reduce memory usage. Loaded Objects now: 4598.
Total: 5.873100 ms (FindLiveObjects: 0.506700 ms CreateObjectMapping: 0.112000 ms MarkObjects: 4.916200 ms  DeleteObjects: 0.336800 ms)

AssetImportParameters requested are different than current active one (requested -> active):
  custom:framework-win-MediaFoundation: 216162199b28c13a410421893ffa2e32 -> 
  custom:video-decoder-ogg-theora: a1e56fd34408186e4bbccfd4996cb3dc -> 
  custom:container-muxer-webm: aa71ff27fc2769a1b78a27578f13a17b -> 
  custom:container-demuxer-webm: 4f35f7cbe854078d1ac9338744f61a02 -> 
  custom:container-demuxer-ogg: 62fdf1f143b41e24485cea50d1cbac27 -> 
  custom:video-encoder-webm-vp8: eb34c28f22e8b96e1ab97ce403110664 -> 
  custom:video-decoder-webm-vp8: 9c59270c3fd7afecdb556c50c9e8de78 -> 
  custom:audio-decoder-ogg-vorbis: bf7c407c2cedff20999df2af8eb42d56 -> 
  custom:audio-encoder-webm-vorbis: bf7c407c2cedff20999df2af8eb42d56 -> 
========================================================================
Received Import Request.
  path: Assets/Plugins/Android/mainTemplate.gradle.DISABLED
  artifactKey: Guid(aa42f3291d18bf72bbd6b0f83ea23273) Importer(815301076,1909f56bfc062723c751e8b465ee728b)
Start importing Assets/Plugins/Android/mainTemplate.gradle.DISABLED using Guid(aa42f3291d18bf72bbd6b0f83ea23273) Importer(815301076,1909f56bfc062723c751e8b465ee728b)  -> (artifact id: '21cd64a97bfac46d5cd5d28e660ad971') in 0.035965 seconds 
  Import took 0.043657 seconds .

========================================================================
Received Import Request.
  Time since last request: 27.730556 seconds.
  path: Assets/Plugins/Android/LauncherManifest.xml.DISABLED
  artifactKey: Guid(33ffb7c1051a5885bb69577f1a0fe19a) Importer(815301076,1909f56bfc062723c751e8b465ee728b)
Start importing Assets/Plugins/Android/LauncherManifest.xml.DISABLED using Guid(33ffb7c1051a5885bb69577f1a0fe19a) Importer(815301076,1909f56bfc062723c751e8b465ee728b)  -> (artifact id: '172309f21e1f350310cbc6a6e460e5dd') in 0.005648 seconds 
  Import took 0.013184 seconds .

========================================================================
Received Import Request.
  Time since last request: 19.132669 seconds.
  path: Assets/Plugins/Android/AndroidManifest.xml
  artifactKey: Guid(a096e600c0c4e8e84935c8b0a7adea54) Importer(815301076,1909f56bfc062723c751e8b465ee728b)
Start importing Assets/Plugins/Android/AndroidManifest.xml using Guid(a096e600c0c4e8e84935c8b0a7adea54) Importer(815301076,1909f56bfc062723c751e8b465ee728b)  -> (artifact id: '19200856bfc00e3820579598bc06a798') in 0.011760 seconds 
  Import took 0.018653 seconds .

========================================================================
Received Import Request.
  Time since last request: 3.924077 seconds.
  path: Assets/Plugins/Android/androidx.arch.core.core-runtime-2.0.0.aar
  artifactKey: Guid(e705e214ab025a545a614e0a05b914e6) Importer(815301076,1909f56bfc062723c751e8b465ee728b)
Start importing Assets/Plugins/Android/androidx.arch.core.core-runtime-2.0.0.aar using Guid(e705e214ab025a545a614e0a05b914e6) Importer(815301076,1909f56bfc062723c751e8b465ee728b)  -> (artifact id: '10553c131e2175da02ecba668e1efc3b') in 0.008755 seconds 
  Import took 0.016301 seconds .

========================================================================
Received Import Request.
  Time since last request: 142.293242 seconds.
  path: Assets/Plugins/Android/AndroidManifest.xml
  artifactKey: Guid(a096e600c0c4e8e84935c8b0a7adea54) Importer(815301076,1909f56bfc062723c751e8b465ee728b)
Start importing Assets/Plugins/Android/AndroidManifest.xml using Guid(a096e600c0c4e8e84935c8b0a7adea54) Importer(815301076,1909f56bfc062723c751e8b465ee728b)  -> (artifact id: 'a8166c69aa206a597f6f6429848e8b4c') in 0.002674 seconds 
  Import took 0.009557 seconds .

========================================================================
Received Import Request.
  Time since last request: 10.582756 seconds.
  path: Assets/Plugins/Android/FirebaseApp.androidlib/AndroidManifest.xml
  artifactKey: Guid(36fe0406c5b99f6cb97932df80b822d5) Importer(815301076,1909f56bfc062723c751e8b465ee728b)
Start importing Assets/Plugins/Android/FirebaseApp.androidlib/AndroidManifest.xml using Guid(36fe0406c5b99f6cb97932df80b822d5) Importer(815301076,1909f56bfc062723c751e8b465ee728b)  -> (artifact id: '927dcb8739f8d15f5c260caa16ba679c') in 0.002452 seconds 
  Import took 0.009198 seconds .

========================================================================
Received Prepare
Refreshing native plugins compatible for Editor in 23.98 ms, found 13 plugins.
Preloading 1 native plugins for Editor in 0.06 ms.
Unloading 138 Unused Serialized files (Serialized files now loaded: 0)
System memory in use before: 185.1 MB.
System memory in use after: 185.2 MB.

Unloading 138 unused Assets to reduce memory usage. Loaded Objects now: 4598.
Total: 5.754100 ms (FindLiveObjects: 0.527400 ms CreateObjectMapping: 0.114500 ms MarkObjects: 4.875600 ms  DeleteObjects: 0.235300 ms)

AssetImportParameters requested are different than current active one (requested -> active):
  custom:framework-win-MediaFoundation: 216162199b28c13a410421893ffa2e32 -> 
  custom:video-decoder-ogg-theora: a1e56fd34408186e4bbccfd4996cb3dc -> 
  custom:container-muxer-webm: aa71ff27fc2769a1b78a27578f13a17b -> 
  custom:container-demuxer-webm: 4f35f7cbe854078d1ac9338744f61a02 -> 
  custom:container-demuxer-ogg: 62fdf1f143b41e24485cea50d1cbac27 -> 
  custom:video-encoder-webm-vp8: eb34c28f22e8b96e1ab97ce403110664 -> 
  custom:video-decoder-webm-vp8: 9c59270c3fd7afecdb556c50c9e8de78 -> 
  custom:audio-decoder-ogg-vorbis: bf7c407c2cedff20999df2af8eb42d56 -> 
  custom:audio-encoder-webm-vorbis: bf7c407c2cedff20999df2af8eb42d56 -> 
========================================================================
Received Import Request.
  Time since last request: 895.457519 seconds.
  path: Assets/Plugins/Android/FirebaseApp.androidlib/project.properties
  artifactKey: Guid(83c4e7a305317503e85c921d86e6a189) Importer(815301076,1909f56bfc062723c751e8b465ee728b)
Start importing Assets/Plugins/Android/FirebaseApp.androidlib/project.properties using Guid(83c4e7a305317503e85c921d86e6a189) Importer(815301076,1909f56bfc062723c751e8b465ee728b)  -> (artifact id: '3e48640bfed5ad5cb38162f88dbc3d75') in 0.024688 seconds 
  Import took 0.032046 seconds .

========================================================================
Received Import Request.
  Time since last request: 5.217427 seconds.
  path: Assets/Plugins/Android/Firebase/res/values/google-services.xml
  artifactKey: Guid(a5e772e9023b417faa260ac8dbd76b6d) Importer(815301076,1909f56bfc062723c751e8b465ee728b)
Start importing Assets/Plugins/Android/Firebase/res/values/google-services.xml using Guid(a5e772e9023b417faa260ac8dbd76b6d) Importer(815301076,1909f56bfc062723c751e8b465ee728b)  -> (artifact id: '5b4340121362658d033778f60d70b468') in 0.005977 seconds 
  Import took 0.012661 seconds .

========================================================================
Received Import Request.
  Time since last request: 178.138954 seconds.
  path: Assets/ExternalDependencyManager/Editor/external-dependency-manager_version-1.2.165_manifest.txt
  artifactKey: Guid(a4adb5e05b624e2d8133b43394263a1a) Importer(815301076,1909f56bfc062723c751e8b465ee728b)
Start importing Assets/ExternalDependencyManager/Editor/external-dependency-manager_version-1.2.165_manifest.txt using Guid(a4adb5e05b624e2d8133b43394263a1a) Importer(815301076,1909f56bfc062723c751e8b465ee728b)  -> (artifact id: '5e6d6932ddfd69851bc33a36940bd1c9') in 0.012868 seconds 
  Import took 0.020042 seconds .

========================================================================
Received Import Request.
  Time since last request: 8.346462 seconds.
  path: Assets/Firebase/Editor/FirebaseFirestore_version-7.2.0_manifest.txt
  artifactKey: Guid(8fa4e58f133f4cc488fd640582e59b49) Importer(815301076,1909f56bfc062723c751e8b465ee728b)
Start importing Assets/Firebase/Editor/FirebaseFirestore_version-7.2.0_manifest.txt using Guid(8fa4e58f133f4cc488fd640582e59b49) Importer(815301076,1909f56bfc062723c751e8b465ee728b)  -> (artifact id: '7008afbc2d93298387582ee9c59d5bfd') in 0.007115 seconds 
  Import took 0.014755 seconds .

========================================================================
Received Import Request.
  Time since last request: 54.958902 seconds.
  path: Assets/Plugins/Android/gradleTemplate.properties
  artifactKey: Guid(da8c3ebe8180f96e48a291ec209b27ca) Importer(815301076,1909f56bfc062723c751e8b465ee728b)
Start importing Assets/Plugins/Android/gradleTemplate.properties using Guid(da8c3ebe8180f96e48a291ec209b27ca) Importer(815301076,1909f56bfc062723c751e8b465ee728b)  -> (artifact id: 'c4cbca9b9f9ed23e9ce4c6ac7461f923') in 0.007136 seconds 
  Import took 0.013770 seconds .

========================================================================
Received Prepare
Refreshing native plugins compatible for Editor in 40.84 ms, found 13 plugins.
Preloading 1 native plugins for Editor in 0.06 ms.
Unloading 138 Unused Serialized files (Serialized files now loaded: 0)
System memory in use before: 185.2 MB.
System memory in use after: 185.3 MB.

Unloading 138 unused Assets to reduce memory usage. Loaded Objects now: 4598.
Total: 6.036700 ms (FindLiveObjects: 0.720300 ms CreateObjectMapping: 0.117900 ms MarkObjects: 4.951000 ms  DeleteObjects: 0.245500 ms)

AssetImportParameters requested are different than current active one (requested -> active):
  custom:framework-win-MediaFoundation: 216162199b28c13a410421893ffa2e32 -> 
  custom:video-decoder-ogg-theora: a1e56fd34408186e4bbccfd4996cb3dc -> 
  custom:container-muxer-webm: aa71ff27fc2769a1b78a27578f13a17b -> 
  custom:container-demuxer-webm: 4f35f7cbe854078d1ac9338744f61a02 -> 
  custom:container-demuxer-ogg: 62fdf1f143b41e24485cea50d1cbac27 -> 
  custom:video-encoder-webm-vp8: eb34c28f22e8b96e1ab97ce403110664 -> 
  custom:video-decoder-webm-vp8: 9c59270c3fd7afecdb556c50c9e8de78 -> 
  custom:audio-decoder-ogg-vorbis: bf7c407c2cedff20999df2af8eb42d56 -> 
  custom:audio-encoder-webm-vorbis: bf7c407c2cedff20999df2af8eb42d56 -> 
AssetImportWorkerClient::OnTransportError - code=2 error=End of file
